File 0, Seed 0 - 7 iterations
File 1, Seed 0 - 4 iterations
File 2, Seed 0 - 4 iterations
File 3, Seed 0 - 4 iterations
File 4, Seed 0 - 5 iterations
File 5, Seed 0 - 5 iterations
File 6, Seed 0 - 5 iterations
File 7, Seed 0 - 5 iterations
File 8, Seed 0 - 4 iterations
File 9, Seed 0 - 4 iterations
File 10, Seed 0 - 5 iterations
File 11, Seed 0 - 5 iterations
File 12, Seed 0 - 5 iterations
File 13, Seed 0 - 4 iterations
File 14, Seed 0 - 6 iterations
File 15, Seed 0 - 6 iterations
File 16, Seed 0 - 4 iterations
File 17, Seed 0 - 4 iterations
File 18, Seed 0 - 6 iterations
File 19, Seed 0 - 5 iterations
File 20, Seed 0 - 4 iterations
File 21, Seed 0 - 5 iterations
File 22, Seed 0 - 5 iterations
File 23, Seed 0 - 4 iterations
File 24, Seed 0 - 5 iterations
File 25, Seed 0 - 6 iterations
File 26, Seed 0 - 7 iterations
File 27, Seed 0 - 5 iterations
File 28, Seed 0 - 4 iterations
File 29, Seed 0 - 5 iterations
File 30, Seed 0 - 4 iterations
File 31, Seed 0 - 5 iterations
File 32, Seed 0 - 5 iterations
File 33, Seed 0 - 5 iterations
File 34, Seed 0 - 4 iterations
File 35, Seed 0 - 4 iterations
File 36, Seed 0 - 5 iterations
File 37, Seed 0 - 6 iterations
File 38, Seed 0 - 5 iterations
File 39, Seed 0 - 5 iterations
File 40, Seed 0 - 6 iterations
File 41, Seed 0 - 4 iterations
File 42, Seed 0 - 4 iterations
File 43, Seed 0 - 6 iterations
File 44, Seed 0 - 5 iterations
File 45, Seed 0 - 7 iterations
File 46, Seed 0 - 6 iterations
File 47, Seed 0 - 4 iterations
File 48, Seed 0 - 4 iterations
File 49, Seed 0 - 5 iterations
File 50, Seed 0 - 4 iterations
File 51, Seed 0 - 5 iterations
File 52, Seed 0 - 5 iterations
File 53, Seed 0 - 7 iterations
File 54, Seed 0 - 6 iterations
File 55, Seed 0 - 5 iterations
File 56, Seed 0 - 6 iterations
File 57, Seed 0 - 4 iterations
File 58, Seed 0 - 4 iterations
File 59, Seed 0 - 5 iterations
File 60, Seed 0 - 5 iterations
File 61, Seed 0 - 6 iterations
File 62, Seed 0 - 5 iterations
File 63, Seed 0 - 6 iterations
File 64, Seed 0 - 6 iterations
File 65, Seed 0 - 5 iterations
File 66, Seed 0 - 4 iterations
File 67, Seed 0 - 5 iterations
File 68, Seed 0 - 6 iterations
File 69, Seed 0 - 6 iterations
File 70, Seed 0 - 5 iterations
File 71, Seed 0 - 5 iterations
File 72, Seed 0 - 5 iterations
File 73, Seed 0 - 5 iterations
File 74, Seed 0 - 6 iterations
File 75, Seed 0 - 4 iterations
File 76, Seed 0 - 4 iterations
File 77, Seed 0 - 4 iterations
File 78, Seed 0 - 7 iterations
File 79, Seed 0 - 5 iterations
File 80, Seed 0 - 4 iterations
File 81, Seed 0 - 4 iterations
File 82, Seed 0 - 5 iterations
File 83, Seed 0 - 6 iterations
File 84, Seed 0 - 6 iterations
File 85, Seed 0 - 4 iterations
File 86, Seed 0 - 6 iterations
File 87, Seed 0 - 5 iterations
File 88, Seed 0 - 4 iterations
File 89, Seed 0 - 4 iterations
File 90, Seed 0 - 8 iterations
File 91, Seed 0 - 4 iterations
File 92, Seed 0 - 4 iterations
File 93, Seed 0 - 5 iterations
File 94, Seed 0 - 5 iterations
File 95, Seed 0 - 4 iterations
File 96, Seed 0 - 4 iterations
File 97, Seed 0 - 5 iterations
File 98, Seed 0 - 4 iterations
File 99, Seed 0 - 6 iterations
Mean (Seed 0) - 4.980000
Std (Seed 0) - 0.916297
File 0, Seed 1 - 4 iterations
File 1, Seed 1 - 5 iterations
File 2, Seed 1 - 6 iterations
File 3, Seed 1 - 7 iterations
File 4, Seed 1 - 8 iterations
File 5, Seed 1 - 5 iterations
File 6, Seed 1 - 8 iterations
File 7, Seed 1 - 6 iterations
File 8, Seed 1 - 7 iterations
File 9, Seed 1 - 4 iterations
File 10, Seed 1 - 7 iterations
File 11, Seed 1 - 8 iterations
File 12, Seed 1 - 4 iterations
File 13, Seed 1 - 6 iterations
File 14, Seed 1 - 5 iterations
File 15, Seed 1 - 5 iterations
File 16, Seed 1 - 6 iterations
File 17, Seed 1 - 5 iterations
File 18, Seed 1 - 4 iterations
File 19, Seed 1 - 6 iterations
File 20, Seed 1 - 5 iterations
File 21, Seed 1 - 4 iterations
File 22, Seed 1 - 4 iterations
File 23, Seed 1 - 5 iterations
File 24, Seed 1 - 7 iterations
File 25, Seed 1 - 4 iterations
File 26, Seed 1 - 5 iterations
File 27, Seed 1 - 6 iterations
File 28, Seed 1 - 4 iterations
File 29, Seed 1 - 4 iterations
File 30, Seed 1 - 4 iterations
File 31, Seed 1 - 4 iterations
File 32, Seed 1 - 5 iterations
File 33, Seed 1 - 5 iterations
File 34, Seed 1 - 5 iterations
File 35, Seed 1 - 5 iterations
File 36, Seed 1 - 7 iterations
File 37, Seed 1 - 4 iterations
File 38, Seed 1 - 6 iterations
File 39, Seed 1 - 7 iterations
File 40, Seed 1 - 6 iterations
File 41, Seed 1 - 5 iterations
File 42, Seed 1 - 7 iterations
File 43, Seed 1 - 7 iterations
File 44, Seed 1 - 5 iterations
File 45, Seed 1 - 5 iterations
File 46, Seed 1 - 4 iterations
File 47, Seed 1 - 7 iterations
File 48, Seed 1 - 8 iterations
File 49, Seed 1 - 7 iterations
File 50, Seed 1 - 4 iterations
File 51, Seed 1 - 6 iterations
File 52, Seed 1 - 6 iterations
File 53, Seed 1 - 5 iterations
File 54, Seed 1 - 4 iterations
File 55, Seed 1 - 5 iterations
File 56, Seed 1 - 4 iterations
File 57, Seed 1 - 5 iterations
File 58, Seed 1 - 4 iterations
File 59, Seed 1 - 4 iterations
File 60, Seed 1 - 7 iterations
File 61, Seed 1 - 4 iterations
File 62, Seed 1 - 5 iterations
File 63, Seed 1 - 5 iterations
File 64, Seed 1 - 4 iterations
File 65, Seed 1 - 6 iterations
File 66, Seed 1 - 6 iterations
File 67, Seed 1 - 5 iterations
File 68, Seed 1 - 5 iterations
File 69, Seed 1 - 5 iterations
File 70, Seed 1 - 4 iterations
File 71, Seed 1 - 6 iterations
File 72, Seed 1 - 5 iterations
File 73, Seed 1 - 7 iterations
File 74, Seed 1 - 4 iterations
File 75, Seed 1 - 8 iterations
File 76, Seed 1 - 5 iterations
File 77, Seed 1 - 6 iterations
File 78, Seed 1 - 5 iterations
File 79, Seed 1 - 5 iterations
File 80, Seed 1 - 6 iterations
File 81, Seed 1 - 4 iterations
File 82, Seed 1 - 5 iterations
File 83, Seed 1 - 5 iterations
File 84, Seed 1 - 5 iterations
File 85, Seed 1 - 4 iterations
File 86, Seed 1 - 8 iterations
File 87, Seed 1 - 5 iterations
File 88, Seed 1 - 5 iterations
File 89, Seed 1 - 6 iterations
File 90, Seed 1 - 4 iterations
File 91, Seed 1 - 5 iterations
File 92, Seed 1 - 6 iterations
File 93, Seed 1 - 5 iterations
File 94, Seed 1 - 7 iterations
File 95, Seed 1 - 4 iterations
File 96, Seed 1 - 7 iterations
File 97, Seed 1 - 6 iterations
File 98, Seed 1 - 5 iterations
File 99, Seed 1 - 4 iterations
Mean (Seed 1) - 5.370000
Std (Seed 1) - 1.188739
File 0, Seed 2 - 7 iterations
File 1, Seed 2 - 10 iterations
File 2, Seed 2 - 9 iterations
File 3, Seed 2 - 5 iterations
File 4, Seed 2 - 8 iterations
File 5, Seed 2 - 4 iterations
File 6, Seed 2 - 6 iterations
File 7, Seed 2 - 8 iterations
File 8, Seed 2 - 12 iterations
File 9, Seed 2 - 8 iterations
File 10, Seed 2 - 6 iterations
File 11, Seed 2 - 7 iterations
File 12, Seed 2 - 4 iterations
File 13, Seed 2 - 5 iterations
File 14, Seed 2 - 5 iterations
File 15, Seed 2 - 5 iterations
File 16, Seed 2 - 8 iterations
File 17, Seed 2 - 6 iterations
File 18, Seed 2 - 6 iterations
File 19, Seed 2 - 6 iterations
File 20, Seed 2 - 5 iterations
File 21, Seed 2 - 5 iterations
File 22, Seed 2 - 8 iterations
File 23, Seed 2 - 8 iterations
File 24, Seed 2 - 7 iterations
File 25, Seed 2 - 8 iterations
File 26, Seed 2 - 6 iterations
File 27, Seed 2 - 5 iterations
File 28, Seed 2 - 8 iterations
File 29, Seed 2 - 6 iterations
File 30, Seed 2 - 8 iterations
File 31, Seed 2 - 6 iterations
File 32, Seed 2 - 9 iterations
File 33, Seed 2 - 6 iterations
File 34, Seed 2 - 5 iterations
File 35, Seed 2 - 5 iterations
File 36, Seed 2 - 7 iterations
File 37, Seed 2 - 5 iterations
File 38, Seed 2 - 5 iterations
File 39, Seed 2 - 13 iterations
File 40, Seed 2 - 8 iterations
File 41, Seed 2 - 5 iterations
File 42, Seed 2 - 7 iterations
File 43, Seed 2 - 7 iterations
File 44, Seed 2 - 7 iterations
File 45, Seed 2 - 8 iterations
File 46, Seed 2 - 12 iterations
File 47, Seed 2 - 4 iterations
File 48, Seed 2 - 7 iterations
File 49, Seed 2 - 10 iterations
File 50, Seed 2 - 12 iterations
File 51, Seed 2 - 4 iterations
File 52, Seed 2 - 7 iterations
File 53, Seed 2 - 11 iterations
File 54, Seed 2 - 6 iterations
File 55, Seed 2 - 4 iterations
File 56, Seed 2 - 6 iterations
File 57, Seed 2 - 10 iterations
File 58, Seed 2 - 6 iterations
File 59, Seed 2 - 5 iterations
File 60, Seed 2 - 9 iterations
File 61, Seed 2 - 6 iterations
File 62, Seed 2 - 5 iterations
File 63, Seed 2 - 5 iterations
File 64, Seed 2 - 6 iterations
File 65, Seed 2 - 9 iterations
File 66, Seed 2 - 8 iterations
File 67, Seed 2 - 5 iterations
File 68, Seed 2 - 6 iterations
File 69, Seed 2 - 8 iterations
File 70, Seed 2 - 6 iterations
File 71, Seed 2 - 13 iterations
File 72, Seed 2 - 7 iterations
File 73, Seed 2 - 7 iterations
File 74, Seed 2 - 6 iterations
File 75, Seed 2 - 8 iterations
File 76, Seed 2 - 5 iterations
File 77, Seed 2 - 8 iterations
File 78, Seed 2 - 7 iterations
File 79, Seed 2 - 5 iterations
File 80, Seed 2 - 6 iterations
File 81, Seed 2 - 7 iterations
File 82, Seed 2 - 7 iterations
File 83, Seed 2 - 4 iterations
File 84, Seed 2 - 5 iterations
File 85, Seed 2 - 8 iterations
File 86, Seed 2 - 9 iterations
File 87, Seed 2 - 5 iterations
File 88, Seed 2 - 9 iterations
File 89, Seed 2 - 8 iterations
File 90, Seed 2 - 8 iterations
File 91, Seed 2 - 6 iterations
File 92, Seed 2 - 8 iterations
File 93, Seed 2 - 7 iterations
File 94, Seed 2 - 6 iterations
File 95, Seed 2 - 8 iterations
File 96, Seed 2 - 6 iterations
File 97, Seed 2 - 5 iterations
File 98, Seed 2 - 5 iterations
File 99, Seed 2 - 5 iterations
Mean (Seed 2) - 6.870000
Std (Seed 2) - 1.998274
File 0, Seed 3 - 8 iterations
File 1, Seed 3 - 6 iterations
File 2, Seed 3 - 5 iterations
File 3, Seed 3 - 5 iterations
File 4, Seed 3 - 9 iterations
File 5, Seed 3 - 5 iterations
File 6, Seed 3 - 8 iterations
File 7, Seed 3 - 5 iterations
File 8, Seed 3 - 7 iterations
File 9, Seed 3 - 5 iterations
File 10, Seed 3 - 5 iterations
File 11, Seed 3 - 8 iterations
File 12, Seed 3 - 5 iterations
File 13, Seed 3 - 7 iterations
File 14, Seed 3 - 5 iterations
File 15, Seed 3 - 5 iterations
File 16, Seed 3 - 6 iterations
File 17, Seed 3 - 6 iterations
File 18, Seed 3 - 5 iterations
File 19, Seed 3 - 7 iterations
File 20, Seed 3 - 6 iterations
File 21, Seed 3 - 5 iterations
File 22, Seed 3 - 6 iterations
File 23, Seed 3 - 9 iterations
File 24, Seed 3 - 7 iterations
File 25, Seed 3 - 7 iterations
File 26, Seed 3 - 5 iterations
File 27, Seed 3 - 7 iterations
File 28, Seed 3 - 6 iterations
File 29, Seed 3 - 5 iterations
File 30, Seed 3 - 6 iterations
File 31, Seed 3 - 9 iterations
File 32, Seed 3 - 9 iterations
File 33, Seed 3 - 6 iterations
File 34, Seed 3 - 6 iterations
File 35, Seed 3 - 6 iterations
File 36, Seed 3 - 6 iterations
File 37, Seed 3 - 8 iterations
File 38, Seed 3 - 5 iterations
File 39, Seed 3 - 8 iterations
File 40, Seed 3 - 9 iterations
File 41, Seed 3 - 7 iterations
File 42, Seed 3 - 10 iterations
File 43, Seed 3 - 9 iterations
File 44, Seed 3 - 6 iterations
File 45, Seed 3 - 9 iterations
File 46, Seed 3 - 7 iterations
File 47, Seed 3 - 6 iterations
File 48, Seed 3 - 6 iterations
File 49, Seed 3 - 13 iterations
File 50, Seed 3 - 7 iterations
File 51, Seed 3 - 5 iterations
File 52, Seed 3 - 10 iterations
File 53, Seed 3 - 9 iterations
File 54, Seed 3 - 6 iterations
File 55, Seed 3 - 5 iterations
File 56, Seed 3 - 8 iterations
File 57, Seed 3 - 8 iterations
File 58, Seed 3 - 6 iterations
File 59, Seed 3 - 7 iterations
File 60, Seed 3 - 6 iterations
File 61, Seed 3 - 8 iterations
File 62, Seed 3 - 8 iterations
File 63, Seed 3 - 6 iterations
File 64, Seed 3 - 5 iterations
File 65, Seed 3 - 8 iterations
File 66, Seed 3 - 5 iterations
File 67, Seed 3 - 8 iterations
File 68, Seed 3 - 5 iterations
File 69, Seed 3 - 9 iterations
File 70, Seed 3 - 8 iterations
File 71, Seed 3 - 5 iterations
File 72, Seed 3 - 10 iterations
File 73, Seed 3 - 11 iterations
File 74, Seed 3 - 5 iterations
File 75, Seed 3 - 9 iterations
File 76, Seed 3 - 7 iterations
File 77, Seed 3 - 5 iterations
File 78, Seed 3 - 8 iterations
File 79, Seed 3 - 7 iterations
File 80, Seed 3 - 7 iterations
File 81, Seed 3 - 6 iterations
File 82, Seed 3 - 9 iterations
File 83, Seed 3 - 7 iterations
File 84, Seed 3 - 6 iterations
File 85, Seed 3 - 8 iterations
File 86, Seed 3 - 6 iterations
File 87, Seed 3 - 9 iterations
File 88, Seed 3 - 9 iterations
File 89, Seed 3 - 10 iterations
File 90, Seed 3 - 5 iterations
File 91, Seed 3 - 7 iterations
File 92, Seed 3 - 5 iterations
File 93, Seed 3 - 7 iterations
File 94, Seed 3 - 7 iterations
File 95, Seed 3 - 6 iterations
File 96, Seed 3 - 9 iterations
File 97, Seed 3 - 5 iterations
File 98, Seed 3 - 5 iterations
File 99, Seed 3 - 5 iterations
Mean (Seed 3) - 6.880000
Std (Seed 3) - 1.692808
File 0, Seed 4 - 6 iterations
File 1, Seed 4 - 11 iterations
File 2, Seed 4 - 8 iterations
File 3, Seed 4 - 6 iterations
File 4, Seed 4 - 8 iterations
File 5, Seed 4 - 6 iterations
File 6, Seed 4 - 5 iterations
File 7, Seed 4 - 6 iterations
File 8, Seed 4 - 7 iterations
File 9, Seed 4 - 8 iterations
File 10, Seed 4 - 7 iterations
File 11, Seed 4 - 9 iterations
File 12, Seed 4 - 6 iterations
File 13, Seed 4 - 7 iterations
File 14, Seed 4 - 8 iterations
File 15, Seed 4 - 7 iterations
File 16, Seed 4 - 6 iterations
File 17, Seed 4 - 8 iterations
File 18, Seed 4 - 7 iterations
File 19, Seed 4 - 8 iterations
File 20, Seed 4 - 8 iterations
File 21, Seed 4 - 8 iterations
File 22, Seed 4 - 6 iterations
File 23, Seed 4 - 5 iterations
File 24, Seed 4 - 5 iterations
File 25, Seed 4 - 7 iterations
File 26, Seed 4 - 7 iterations
File 27, Seed 4 - 6 iterations
File 28, Seed 4 - 6 iterations
File 29, Seed 4 - 7 iterations
File 30, Seed 4 - 8 iterations
File 31, Seed 4 - 6 iterations
File 32, Seed 4 - 6 iterations
File 33, Seed 4 - 8 iterations
File 34, Seed 4 - 9 iterations
File 35, Seed 4 - 10 iterations
File 36, Seed 4 - 5 iterations
File 37, Seed 4 - 7 iterations
File 38, Seed 4 - 7 iterations
File 39, Seed 4 - 7 iterations
File 40, Seed 4 - 6 iterations
File 41, Seed 4 - 6 iterations
File 42, Seed 4 - 5 iterations
File 43, Seed 4 - 5 iterations
File 44, Seed 4 - 7 iterations
File 45, Seed 4 - 5 iterations
File 46, Seed 4 - 8 iterations
File 47, Seed 4 - 5 iterations
File 48, Seed 4 - 7 iterations
File 49, Seed 4 - 7 iterations
File 50, Seed 4 - 6 iterations
File 51, Seed 4 - 6 iterations
File 52, Seed 4 - 6 iterations
File 53, Seed 4 - 12 iterations
File 54, Seed 4 - 7 iterations
File 55, Seed 4 - 6 iterations
File 56, Seed 4 - 8 iterations
File 57, Seed 4 - 8 iterations
File 58, Seed 4 - 7 iterations
File 59, Seed 4 - 7 iterations
File 60, Seed 4 - 6 iterations
File 61, Seed 4 - 9 iterations
File 62, Seed 4 - 7 iterations
File 63, Seed 4 - 8 iterations
File 64, Seed 4 - 7 iterations
File 65, Seed 4 - 9 iterations
File 66, Seed 4 - 10 iterations
File 67, Seed 4 - 7 iterations
File 68, Seed 4 - 9 iterations
File 69, Seed 4 - 7 iterations
File 70, Seed 4 - 8 iterations
File 71, Seed 4 - 6 iterations
File 72, Seed 4 - 6 iterations
File 73, Seed 4 - 6 iterations
File 74, Seed 4 - 7 iterations
File 75, Seed 4 - 5 iterations
File 76, Seed 4 - 6 iterations
File 77, Seed 4 - 6 iterations
File 78, Seed 4 - 5 iterations
File 79, Seed 4 - 7 iterations
File 80, Seed 4 - 6 iterations
File 81, Seed 4 - 8 iterations
File 82, Seed 4 - 5 iterations
File 83, Seed 4 - 8 iterations
File 84, Seed 4 - 6 iterations
File 85, Seed 4 - 10 iterations
File 86, Seed 4 - 8 iterations
File 87, Seed 4 - 6 iterations
File 88, Seed 4 - 6 iterations
File 89, Seed 4 - 6 iterations
File 90, Seed 4 - 8 iterations
File 91, Seed 4 - 10 iterations
File 92, Seed 4 - 6 iterations
File 93, Seed 4 - 9 iterations
File 94, Seed 4 - 8 iterations
File 95, Seed 4 - 8 iterations
File 96, Seed 4 - 5 iterations
File 97, Seed 4 - 9 iterations
File 98, Seed 4 - 7 iterations
File 99, Seed 4 - 8 iterations
Mean (Seed 4) - 7.040000
Std (Seed 4) - 1.427725
File 0, Seed 5 - 6 iterations
File 1, Seed 5 - 6 iterations
File 2, Seed 5 - 6 iterations
File 3, Seed 5 - 9 iterations
File 4, Seed 5 - 6 iterations
File 5, Seed 5 - 8 iterations
File 6, Seed 5 - 7 iterations
File 7, Seed 5 - 8 iterations
File 8, Seed 5 - 6 iterations
File 9, Seed 5 - 6 iterations
File 10, Seed 5 - 9 iterations
File 11, Seed 5 - 5 iterations
File 12, Seed 5 - 7 iterations
File 13, Seed 5 - 5 iterations
File 14, Seed 5 - 6 iterations
File 15, Seed 5 - 7 iterations
File 16, Seed 5 - 6 iterations
File 17, Seed 5 - 5 iterations
File 18, Seed 5 - 7 iterations
File 19, Seed 5 - 5 iterations
File 20, Seed 5 - 5 iterations
File 21, Seed 5 - 5 iterations
File 22, Seed 5 - 6 iterations
File 23, Seed 5 - 6 iterations
File 24, Seed 5 - 6 iterations
File 25, Seed 5 - 11 iterations
File 26, Seed 5 - 8 iterations
File 27, Seed 5 - 6 iterations
File 28, Seed 5 - 6 iterations
File 29, Seed 5 - 7 iterations
File 30, Seed 5 - 5 iterations
File 31, Seed 5 - 6 iterations
File 32, Seed 5 - 8 iterations
File 33, Seed 5 - 6 iterations
File 34, Seed 5 - 6 iterations
File 35, Seed 5 - 6 iterations
File 36, Seed 5 - 6 iterations
File 37, Seed 5 - 11 iterations
File 38, Seed 5 - 5 iterations
File 39, Seed 5 - 7 iterations
File 40, Seed 5 - 6 iterations
File 41, Seed 5 - 6 iterations
File 42, Seed 5 - 8 iterations
File 43, Seed 5 - 8 iterations
File 44, Seed 5 - 6 iterations
File 45, Seed 5 - 6 iterations
File 46, Seed 5 - 12 iterations
File 47, Seed 5 - 4 iterations
File 48, Seed 5 - 6 iterations
File 49, Seed 5 - 8 iterations
File 50, Seed 5 - 6 iterations
File 51, Seed 5 - 8 iterations
File 52, Seed 5 - 7 iterations
File 53, Seed 5 - 5 iterations
File 54, Seed 5 - 8 iterations
File 55, Seed 5 - 8 iterations
File 56, Seed 5 - 5 iterations
File 57, Seed 5 - 5 iterations
File 58, Seed 5 - 5 iterations
File 59, Seed 5 - 11 iterations
File 60, Seed 5 - 10 iterations
File 61, Seed 5 - 7 iterations
File 62, Seed 5 - 10 iterations
File 63, Seed 5 - 12 iterations
File 64, Seed 5 - 7 iterations
File 65, Seed 5 - 7 iterations
File 66, Seed 5 - 6 iterations
File 67, Seed 5 - 7 iterations
File 68, Seed 5 - 8 iterations
File 69, Seed 5 - 6 iterations
File 70, Seed 5 - 8 iterations
File 71, Seed 5 - 7 iterations
File 72, Seed 5 - 8 iterations
File 73, Seed 5 - 10 iterations
File 74, Seed 5 - 7 iterations
File 75, Seed 5 - 7 iterations
File 76, Seed 5 - 6 iterations
File 77, Seed 5 - 6 iterations
File 78, Seed 5 - 6 iterations
File 79, Seed 5 - 11 iterations
File 80, Seed 5 - 7 iterations
File 81, Seed 5 - 5 iterations
File 82, Seed 5 - 7 iterations
File 83, Seed 5 - 5 iterations
File 84, Seed 5 - 8 iterations
File 85, Seed 5 - 5 iterations
File 86, Seed 5 - 8 iterations
File 87, Seed 5 - 6 iterations
File 88, Seed 5 - 7 iterations
File 89, Seed 5 - 6 iterations
File 90, Seed 5 - 5 iterations
File 91, Seed 5 - 6 iterations
File 92, Seed 5 - 8 iterations
File 93, Seed 5 - 9 iterations
File 94, Seed 5 - 5 iterations
File 95, Seed 5 - 14 iterations
File 96, Seed 5 - 8 iterations
File 97, Seed 5 - 8 iterations
File 98, Seed 5 - 6 iterations
File 99, Seed 5 - 7 iterations
Mean (Seed 5) - 6.960000
Std (Seed 5) - 1.816150
File 0, Seed 6 - 6 iterations
File 1, Seed 6 - 6 iterations
File 2, Seed 6 - 6 iterations
File 3, Seed 6 - 5 iterations
File 4, Seed 6 - 6 iterations
File 5, Seed 6 - 5 iterations
File 6, Seed 6 - 5 iterations
File 7, Seed 6 - 6 iterations
File 8, Seed 6 - 10 iterations
File 9, Seed 6 - 5 iterations
File 10, Seed 6 - 5 iterations
File 11, Seed 6 - 5 iterations
File 12, Seed 6 - 7 iterations
File 13, Seed 6 - 5 iterations
File 14, Seed 6 - 6 iterations
File 15, Seed 6 - 5 iterations
File 16, Seed 6 - 6 iterations
File 17, Seed 6 - 5 iterations
File 18, Seed 6 - 7 iterations
File 19, Seed 6 - 6 iterations
File 20, Seed 6 - 4 iterations
File 21, Seed 6 - 5 iterations
File 22, Seed 6 - 6 iterations
File 23, Seed 6 - 8 iterations
File 24, Seed 6 - 9 iterations
File 25, Seed 6 - 6 iterations
File 26, Seed 6 - 7 iterations
File 27, Seed 6 - 5 iterations
File 28, Seed 6 - 7 iterations
File 29, Seed 6 - 7 iterations
File 30, Seed 6 - 5 iterations
File 31, Seed 6 - 5 iterations
File 32, Seed 6 - 7 iterations
File 33, Seed 6 - 6 iterations
File 34, Seed 6 - 6 iterations
File 35, Seed 6 - 4 iterations
File 36, Seed 6 - 9 iterations
File 37, Seed 6 - 6 iterations
File 38, Seed 6 - 4 iterations
File 39, Seed 6 - 6 iterations
File 40, Seed 6 - 5 iterations
File 41, Seed 6 - 8 iterations
File 42, Seed 6 - 6 iterations
File 43, Seed 6 - 5 iterations
File 44, Seed 6 - 5 iterations
File 45, Seed 6 - 8 iterations
File 46, Seed 6 - 9 iterations
File 47, Seed 6 - 5 iterations
File 48, Seed 6 - 6 iterations
File 49, Seed 6 - 6 iterations
File 50, Seed 6 - 5 iterations
File 51, Seed 6 - 6 iterations
File 52, Seed 6 - 6 iterations
File 53, Seed 6 - 5 iterations
File 54, Seed 6 - 7 iterations
File 55, Seed 6 - 5 iterations
File 56, Seed 6 - 6 iterations
File 57, Seed 6 - 4 iterations
File 58, Seed 6 - 5 iterations
File 59, Seed 6 - 6 iterations
File 60, Seed 6 - 7 iterations
File 61, Seed 6 - 6 iterations
File 62, Seed 6 - 6 iterations
File 63, Seed 6 - 6 iterations
File 64, Seed 6 - 5 iterations
File 65, Seed 6 - 6 iterations
File 66, Seed 6 - 4 iterations
File 67, Seed 6 - 4 iterations
File 68, Seed 6 - 6 iterations
File 69, Seed 6 - 5 iterations
File 70, Seed 6 - 4 iterations
File 71, Seed 6 - 5 iterations
File 72, Seed 6 - 7 iterations
File 73, Seed 6 - 7 iterations
File 74, Seed 6 - 7 iterations
File 75, Seed 6 - 7 iterations
File 76, Seed 6 - 5 iterations
File 77, Seed 6 - 6 iterations
File 78, Seed 6 - 8 iterations
File 79, Seed 6 - 5 iterations
File 80, Seed 6 - 8 iterations
File 81, Seed 6 - 4 iterations
File 82, Seed 6 - 9 iterations
File 83, Seed 6 - 5 iterations
File 84, Seed 6 - 7 iterations
File 85, Seed 6 - 10 iterations
File 86, Seed 6 - 8 iterations
File 87, Seed 6 - 7 iterations
File 88, Seed 6 - 6 iterations
File 89, Seed 6 - 5 iterations
File 90, Seed 6 - 5 iterations
File 91, Seed 6 - 4 iterations
File 92, Seed 6 - 7 iterations
File 93, Seed 6 - 8 iterations
File 94, Seed 6 - 5 iterations
File 95, Seed 6 - 8 iterations
File 96, Seed 6 - 5 iterations
File 97, Seed 6 - 6 iterations
File 98, Seed 6 - 7 iterations
File 99, Seed 6 - 6 iterations
Mean (Seed 6) - 6.030000
Std (Seed 6) - 1.352442
File 0, Seed 7 - 6 iterations
File 1, Seed 7 - 7 iterations
File 2, Seed 7 - 8 iterations
File 3, Seed 7 - 6 iterations
File 4, Seed 7 - 7 iterations
File 5, Seed 7 - 5 iterations
File 6, Seed 7 - 6 iterations
File 7, Seed 7 - 8 iterations
File 8, Seed 7 - 9 iterations
File 9, Seed 7 - 8 iterations
File 10, Seed 7 - 9 iterations
File 11, Seed 7 - 7 iterations
File 12, Seed 7 - 5 iterations
File 13, Seed 7 - 5 iterations
File 14, Seed 7 - 6 iterations
File 15, Seed 7 - 7 iterations
File 16, Seed 7 - 6 iterations
File 17, Seed 7 - 8 iterations
File 18, Seed 7 - 7 iterations
File 19, Seed 7 - 5 iterations
File 20, Seed 7 - 5 iterations
File 21, Seed 7 - 5 iterations
File 22, Seed 7 - 6 iterations
File 23, Seed 7 - 7 iterations
File 24, Seed 7 - 7 iterations
File 25, Seed 7 - 9 iterations
File 26, Seed 7 - 7 iterations
File 27, Seed 7 - 5 iterations
File 28, Seed 7 - 7 iterations
File 29, Seed 7 - 7 iterations
File 30, Seed 7 - 10 iterations
File 31, Seed 7 - 6 iterations
File 32, Seed 7 - 9 iterations
File 33, Seed 7 - 6 iterations
File 34, Seed 7 - 6 iterations
File 35, Seed 7 - 10 iterations
File 36, Seed 7 - 6 iterations
File 37, Seed 7 - 9 iterations
File 38, Seed 7 - 8 iterations
File 39, Seed 7 - 7 iterations
File 40, Seed 7 - 6 iterations
File 41, Seed 7 - 7 iterations
File 42, Seed 7 - 9 iterations
File 43, Seed 7 - 8 iterations
File 44, Seed 7 - 7 iterations
File 45, Seed 7 - 11 iterations
File 46, Seed 7 - 10 iterations
File 47, Seed 7 - 8 iterations
File 48, Seed 7 - 7 iterations
File 49, Seed 7 - 8 iterations
File 50, Seed 7 - 9 iterations
File 51, Seed 7 - 8 iterations
File 52, Seed 7 - 7 iterations
File 53, Seed 7 - 8 iterations
File 54, Seed 7 - 7 iterations
File 55, Seed 7 - 5 iterations
File 56, Seed 7 - 6 iterations
File 57, Seed 7 - 10 iterations
File 58, Seed 7 - 10 iterations
File 59, Seed 7 - 6 iterations
File 60, Seed 7 - 10 iterations
File 61, Seed 7 - 8 iterations
File 62, Seed 7 - 6 iterations
File 63, Seed 7 - 6 iterations
File 64, Seed 7 - 7 iterations
File 65, Seed 7 - 6 iterations
File 66, Seed 7 - 4 iterations
File 67, Seed 7 - 7 iterations
File 68, Seed 7 - 6 iterations
File 69, Seed 7 - 9 iterations
File 70, Seed 7 - 7 iterations
File 71, Seed 7 - 5 iterations
File 72, Seed 7 - 9 iterations
File 73, Seed 7 - 9 iterations
File 74, Seed 7 - 7 iterations
File 75, Seed 7 - 11 iterations
File 76, Seed 7 - 5 iterations
File 77, Seed 7 - 6 iterations
File 78, Seed 7 - 6 iterations
File 79, Seed 7 - 6 iterations
File 80, Seed 7 - 7 iterations
File 81, Seed 7 - 10 iterations
File 82, Seed 7 - 7 iterations
File 83, Seed 7 - 5 iterations
File 84, Seed 7 - 9 iterations
File 85, Seed 7 - 4 iterations
File 86, Seed 7 - 7 iterations
File 87, Seed 7 - 11 iterations
File 88, Seed 7 - 10 iterations
File 89, Seed 7 - 6 iterations
File 90, Seed 7 - 10 iterations
File 91, Seed 7 - 5 iterations
File 92, Seed 7 - 7 iterations
File 93, Seed 7 - 8 iterations
File 94, Seed 7 - 6 iterations
File 95, Seed 7 - 10 iterations
File 96, Seed 7 - 9 iterations
File 97, Seed 7 - 7 iterations
File 98, Seed 7 - 9 iterations
File 99, Seed 7 - 7 iterations
Mean (Seed 7) - 7.280000
Std (Seed 7) - 1.679762
File 0, Seed 8 - 5 iterations
File 1, Seed 8 - 7 iterations
File 2, Seed 8 - 5 iterations
File 3, Seed 8 - 6 iterations
File 4, Seed 8 - 6 iterations
File 5, Seed 8 - 7 iterations
File 6, Seed 8 - 6 iterations
File 7, Seed 8 - 7 iterations
File 8, Seed 8 - 5 iterations
File 9, Seed 8 - 4 iterations
File 10, Seed 8 - 6 iterations
File 11, Seed 8 - 6 iterations
File 12, Seed 8 - 7 iterations
File 13, Seed 8 - 5 iterations
File 14, Seed 8 - 6 iterations
File 15, Seed 8 - 8 iterations
File 16, Seed 8 - 5 iterations
File 17, Seed 8 - 4 iterations
File 18, Seed 8 - 4 iterations
File 19, Seed 8 - 5 iterations
File 20, Seed 8 - 5 iterations
File 21, Seed 8 - 4 iterations
File 22, Seed 8 - 8 iterations
File 23, Seed 8 - 5 iterations
File 24, Seed 8 - 5 iterations
File 25, Seed 8 - 5 iterations
File 26, Seed 8 - 4 iterations
File 27, Seed 8 - 7 iterations
File 28, Seed 8 - 5 iterations
File 29, Seed 8 - 4 iterations
File 30, Seed 8 - 4 iterations
File 31, Seed 8 - 5 iterations
File 32, Seed 8 - 4 iterations
File 33, Seed 8 - 5 iterations
File 34, Seed 8 - 4 iterations
File 35, Seed 8 - 5 iterations
File 36, Seed 8 - 4 iterations
File 37, Seed 8 - 5 iterations
File 38, Seed 8 - 4 iterations
File 39, Seed 8 - 5 iterations
File 40, Seed 8 - 5 iterations
File 41, Seed 8 - 4 iterations
File 42, Seed 8 - 5 iterations
File 43, Seed 8 - 5 iterations
File 44, Seed 8 - 6 iterations
File 45, Seed 8 - 4 iterations
File 46, Seed 8 - 4 iterations
File 47, Seed 8 - 3 iterations
File 48, Seed 8 - 4 iterations
File 49, Seed 8 - 5 iterations
File 50, Seed 8 - 5 iterations
File 51, Seed 8 - 5 iterations
File 52, Seed 8 - 5 iterations
File 53, Seed 8 - 6 iterations
File 54, Seed 8 - 4 iterations
File 55, Seed 8 - 7 iterations
File 56, Seed 8 - 4 iterations
File 57, Seed 8 - 5 iterations
File 58, Seed 8 - 5 iterations
File 59, Seed 8 - 4 iterations
File 60, Seed 8 - 6 iterations
File 61, Seed 8 - 4 iterations
File 62, Seed 8 - 6 iterations
File 63, Seed 8 - 6 iterations
File 64, Seed 8 - 4 iterations
File 65, Seed 8 - 6 iterations
File 66, Seed 8 - 4 iterations
File 67, Seed 8 - 4 iterations
File 68, Seed 8 - 8 iterations
File 69, Seed 8 - 6 iterations
File 70, Seed 8 - 4 iterations
File 71, Seed 8 - 7 iterations
File 72, Seed 8 - 4 iterations
File 73, Seed 8 - 5 iterations
File 74, Seed 8 - 4 iterations
File 75, Seed 8 - 8 iterations
File 76, Seed 8 - 5 iterations
File 77, Seed 8 - 4 iterations
File 78, Seed 8 - 4 iterations
File 79, Seed 8 - 5 iterations
File 80, Seed 8 - 5 iterations
File 81, Seed 8 - 5 iterations
File 82, Seed 8 - 5 iterations
File 83, Seed 8 - 5 iterations
File 84, Seed 8 - 5 iterations
File 85, Seed 8 - 4 iterations
File 86, Seed 8 - 4 iterations
File 87, Seed 8 - 4 iterations
File 88, Seed 8 - 6 iterations
File 89, Seed 8 - 7 iterations
File 90, Seed 8 - 4 iterations
File 91, Seed 8 - 6 iterations
File 92, Seed 8 - 5 iterations
File 93, Seed 8 - 5 iterations
File 94, Seed 8 - 4 iterations
File 95, Seed 8 - 4 iterations
File 96, Seed 8 - 5 iterations
File 97, Seed 8 - 8 iterations
File 98, Seed 8 - 7 iterations
File 99, Seed 8 - 6 iterations
Mean (Seed 8) - 5.140000
Std (Seed 8) - 1.149087
File 0, Seed 9 - 14 iterations
File 1, Seed 9 - 7 iterations
File 2, Seed 9 - 6 iterations
File 3, Seed 9 - 10 iterations
File 4, Seed 9 - 11 iterations
File 5, Seed 9 - 5 iterations
File 6, Seed 9 - 14 iterations
File 7, Seed 9 - 11 iterations
File 8, Seed 9 - 11 iterations
File 9, Seed 9 - 6 iterations
File 10, Seed 9 - 7 iterations
File 11, Seed 9 - 9 iterations
File 12, Seed 9 - 5 iterations
File 13, Seed 9 - 6 iterations
File 14, Seed 9 - 8 iterations
File 15, Seed 9 - 6 iterations
File 16, Seed 9 - 10 iterations
File 17, Seed 9 - 6 iterations
File 18, Seed 9 - 6 iterations
File 19, Seed 9 - 6 iterations
File 20, Seed 9 - 6 iterations
File 21, Seed 9 - 6 iterations
File 22, Seed 9 - 8 iterations
File 23, Seed 9 - 10 iterations
File 24, Seed 9 - 9 iterations
File 25, Seed 9 - 5 iterations
File 26, Seed 9 - 6 iterations
File 27, Seed 9 - 11 iterations
File 28, Seed 9 - 10 iterations
File 29, Seed 9 - 6 iterations
File 30, Seed 9 - 5 iterations
File 31, Seed 9 - 12 iterations
File 32, Seed 9 - 11 iterations
File 33, Seed 9 - 8 iterations
File 34, Seed 9 - 6 iterations
File 35, Seed 9 - 7 iterations
File 36, Seed 9 - 11 iterations
File 37, Seed 9 - 6 iterations
File 38, Seed 9 - 7 iterations
File 39, Seed 9 - 16 iterations
File 40, Seed 9 - 10 iterations
File 41, Seed 9 - 13 iterations
File 42, Seed 9 - 5 iterations
File 43, Seed 9 - 7 iterations
File 44, Seed 9 - 8 iterations
File 45, Seed 9 - 13 iterations
File 46, Seed 9 - 6 iterations
File 47, Seed 9 - 9 iterations
File 48, Seed 9 - 10 iterations
File 49, Seed 9 - 11 iterations
File 50, Seed 9 - 8 iterations
File 51, Seed 9 - 10 iterations
File 52, Seed 9 - 11 iterations
File 53, Seed 9 - 8 iterations
File 54, Seed 9 - 6 iterations
File 55, Seed 9 - 14 iterations
File 56, Seed 9 - 8 iterations
File 57, Seed 9 - 5 iterations
File 58, Seed 9 - 6 iterations
File 59, Seed 9 - 5 iterations
File 60, Seed 9 - 8 iterations
File 61, Seed 9 - 7 iterations
File 62, Seed 9 - 8 iterations
File 63, Seed 9 - 8 iterations
File 64, Seed 9 - 6 iterations
File 65, Seed 9 - 8 iterations
File 66, Seed 9 - 6 iterations
File 67, Seed 9 - 7 iterations
File 68, Seed 9 - 13 iterations
File 69, Seed 9 - 10 iterations
File 70, Seed 9 - 8 iterations
File 71, Seed 9 - 5 iterations
File 72, Seed 9 - 12 iterations
File 73, Seed 9 - 8 iterations
File 74, Seed 9 - 6 iterations
File 75, Seed 9 - 12 iterations
File 76, Seed 9 - 8 iterations
File 77, Seed 9 - 10 iterations
File 78, Seed 9 - 13 iterations
File 79, Seed 9 - 8 iterations
File 80, Seed 9 - 10 iterations
File 81, Seed 9 - 9 iterations
File 82, Seed 9 - 13 iterations
File 83, Seed 9 - 6 iterations
File 84, Seed 9 - 11 iterations
File 85, Seed 9 - 8 iterations
File 86, Seed 9 - 7 iterations
File 87, Seed 9 - 9 iterations
File 88, Seed 9 - 15 iterations
File 89, Seed 9 - 9 iterations
File 90, Seed 9 - 6 iterations
File 91, Seed 9 - 6 iterations
File 92, Seed 9 - 10 iterations
File 93, Seed 9 - 7 iterations
File 94, Seed 9 - 7 iterations
File 95, Seed 9 - 6 iterations
File 96, Seed 9 - 7 iterations
File 97, Seed 9 - 7 iterations
File 98, Seed 9 - 10 iterations
File 99, Seed 9 - 5 iterations
Mean (Seed 9) - 8.420000
Std (Seed 9) - 2.638863
Mean - 6.497000
Std - 1.952432
